<?xml version="1.0" encoding="UTF-8"?>
<!-- Generated by org.testng.reporters.JUnitXMLReporter -->
<testsuite hostname="AT-X1" ignored="0" name="Firefox Test" tests="1" failures="1" timestamp="13 Mar 2018 10:38:41 GMT" time="17.633" errors="0">
  <testcase name="login_TestCase" time="8.483" classname="pavan.parlleltesting">
    <failure type="org.openqa.selenium.ElementNotInteractableException" message="
Build info: version: &amp;apos;3.4.0&amp;apos;, revision: &amp;apos;unknown&amp;apos;, time: &amp;apos;unknown&amp;apos;
System info: host: &amp;apos;AT-X1&amp;apos;, ip: &amp;apos;192.168.1.163&amp;apos;, os.name: &amp;apos;Windows 7&amp;apos;, os.arch: &amp;apos;amd64&amp;apos;, os.version: &amp;apos;6.1&amp;apos;, java.version: &amp;apos;1.8.0_161&amp;apos;
Driver info: org.openqa.selenium.firefox.FirefoxDriver
Capabilities [{moz:profile=C:\Users\ARTE26~3\AppData\Local\Temp\rust_mozprofile.I7DaGLXycEuc, rotatable=false, timeouts={implicit=0.0, pageLoad=300000.0, script=30000.0}, pageLoadStrategy=normal, platform=ANY, specificationLevel=0.0, moz:accessibilityChecks=false, acceptInsecureCerts=false, browserVersion=54.0.1, platformVersion=6.1, moz:processID=6272.0, browserName=firefox, javascriptEnabled=true, platformName=windows_nt}]
Session ID: cce5d888-61a1-4c76-8cad-90a4648ed880">
      <![CDATA[org.openqa.selenium.ElementNotInteractableException: Build info: version: '3.4.0', revision: 'unknown', time: 'unknown'System info: host: 'AT-X1', ip: '192.168.1.163', os.name: 'Windows 7', os.arch: 'amd64', os.version: '6.1', java.version: '1.8.0_161'Driver info: org.openqa.selenium.firefox.FirefoxDriverCapabilities [{moz:profile=C:\Users\ARTE26~3\AppData\Local\Temp\rust_mozprofile.I7DaGLXycEuc, rotatable=false, timeouts={implicit=0.0, pageLoad=300000.0, script=30000.0}, pageLoadStrategy=normal, platform=ANY, specificationLevel=0.0, moz:accessibilityChecks=false, acceptInsecureCerts=false, browserVersion=54.0.1, platformVersion=6.1, moz:processID=6272.0, browserName=firefox, javascriptEnabled=true, platformName=windows_nt}]Session ID: cce5d888-61a1-4c76-8cad-90a4648ed880at org.openqa.selenium.remote.http.W3CHttpResponseCodec.createException(W3CHttpResponseCodec.java:150)at org.openqa.selenium.remote.http.W3CHttpResponseCodec.decode(W3CHttpResponseCodec.java:115)at org.openqa.selenium.remote.http.W3CHttpResponseCodec.decode(W3CHttpResponseCodec.java:45)at org.openqa.selenium.remote.HttpCommandExecutor.execute(HttpCommandExecutor.java:164)at org.openqa.selenium.remote.service.DriverCommandExecutor.execute(DriverCommandExecutor.java:82)at org.openqa.selenium.remote.RemoteWebDriver.execute(RemoteWebDriver.java:637)at org.openqa.selenium.remote.RemoteWebElement.execute(RemoteWebElement.java:272)at org.openqa.selenium.remote.RemoteWebElement.click(RemoteWebElement.java:82)at pavan.parlleltesting.login_TestCase(parlleltesting.java:69)... Removed 29 stack frames]]>
    </failure>
  </testcase> <!-- login_TestCase -->
</testsuite> <!-- Firefox Test -->
