<?xml version="1.0" encoding="UTF-8"?>
<!-- Generated by org.testng.reporters.JUnitXMLReporter -->
<testsuite hostname="AT-X1" ignored="0" name="Test" tests="1" failures="0" timestamp="13 Mar 2018 10:38:41 GMT" time="0.042" errors="0">
  <testcase name="@BeforeTest launchingApp" time="0.027" classname="pavan.parlleltesting">
    <failure type="java.lang.IllegalStateException" message="The path to the driver executable must be set by the webdriver.ie.driver system property; for more information, see https://github.com/SeleniumHQ/selenium/wiki/InternetExplorerDriver. The latest version can be downloaded from http://selenium-release.storage.googleapis.com/index.html">
      <![CDATA[java.lang.IllegalStateException: The path to the driver executable must be set by the webdriver.ie.driver system property; for more information, see https://github.com/SeleniumHQ/selenium/wiki/InternetExplorerDriver. The latest version can be downloaded from http://selenium-release.storage.googleapis.com/index.htmlat com.google.common.base.Preconditions.checkState(Preconditions.java:738)at org.openqa.selenium.remote.service.DriverService.findExecutable(DriverService.java:124)at org.openqa.selenium.ie.InternetExplorerDriverService.access$000(InternetExplorerDriverService.java:32)at org.openqa.selenium.ie.InternetExplorerDriverService$Builder.findDefaultExecutable(InternetExplorerDriverService.java:167)at org.openqa.selenium.remote.service.DriverService$Builder.build(DriverService.java:330)at org.openqa.selenium.ie.InternetExplorerDriver.setupService(InternetExplorerDriver.java:288)at org.openqa.selenium.ie.InternetExplorerDriver.<init>(InternetExplorerDriver.java:210)at org.openqa.selenium.ie.InternetExplorerDriver.<init>(InternetExplorerDriver.java:154)at pavan.parlleltesting.launchingApp(parlleltesting.java:49)... Removed 24 stack frames]]>
    </failure>
  </testcase> <!-- @BeforeTest launchingApp -->
  <testcase name="login_TestCase" time="0.0" classname="pavan.parlleltesting">
    <skipped/>
  </testcase> <!-- login_TestCase -->
</testsuite> <!-- Test -->
